mode: set
github.com/scgolang/osc/argument.go:31.63,35.55 2 1
github.com/scgolang/osc/argument.go:39.2,39.30 1 1
github.com/scgolang/osc/argument.go:47.2,47.18 1 1
github.com/scgolang/osc/argument.go:35.55,37.3 1 1
github.com/scgolang/osc/argument.go:39.30,41.17 2 1
github.com/scgolang/osc/argument.go:44.3,45.20 2 1
github.com/scgolang/osc/argument.go:41.17,43.4 1 1
github.com/scgolang/osc/argument.go:51.66,52.12 1 1
github.com/scgolang/osc/argument.go:53.2,54.27 1 1
github.com/scgolang/osc/argument.go:55.2,56.29 1 1
github.com/scgolang/osc/argument.go:57.2,58.28 1 1
github.com/scgolang/osc/argument.go:59.2,60.29 1 1
github.com/scgolang/osc/argument.go:61.2,63.29 2 1
github.com/scgolang/osc/argument.go:64.2,65.28 1 1
github.com/scgolang/osc/argument.go:66.2,67.75 1 1
github.com/scgolang/osc/argument.go:75.56,77.74 2 1
github.com/scgolang/osc/argument.go:80.2,80.18 1 1
github.com/scgolang/osc/argument.go:77.74,79.3 1 1
github.com/scgolang/osc/argument.go:84.29,91.2 1 1
github.com/scgolang/osc/argument.go:94.41,95.35 1 1
github.com/scgolang/osc/argument.go:98.2,99.16 2 1
github.com/scgolang/osc/argument.go:95.35,97.3 1 1
github.com/scgolang/osc/argument.go:103.41,103.65 1 1
github.com/scgolang/osc/argument.go:106.45,106.76 1 1
github.com/scgolang/osc/argument.go:109.39,109.74 1 1
github.com/scgolang/osc/argument.go:112.43,112.75 1 1
github.com/scgolang/osc/argument.go:115.41,115.74 1 1
github.com/scgolang/osc/argument.go:118.30,118.66 1 1
github.com/scgolang/osc/argument.go:121.29,121.50 1 1
github.com/scgolang/osc/argument.go:124.50,127.2 2 1
github.com/scgolang/osc/argument.go:133.58,135.74 2 1
github.com/scgolang/osc/argument.go:138.2,138.18 1 1
github.com/scgolang/osc/argument.go:135.74,137.3 1 1
github.com/scgolang/osc/argument.go:142.31,148.2 2 1
github.com/scgolang/osc/argument.go:151.43,152.37 1 1
github.com/scgolang/osc/argument.go:155.2,156.16 2 1
github.com/scgolang/osc/argument.go:152.37,154.3 1 1
github.com/scgolang/osc/argument.go:160.43,160.74 1 1
github.com/scgolang/osc/argument.go:163.47,163.73 1 1
github.com/scgolang/osc/argument.go:166.41,166.76 1 1
github.com/scgolang/osc/argument.go:169.45,169.77 1 1
github.com/scgolang/osc/argument.go:172.43,172.76 1 1
github.com/scgolang/osc/argument.go:175.32,175.70 1 1
github.com/scgolang/osc/argument.go:178.31,178.54 1 1
github.com/scgolang/osc/argument.go:181.52,184.2 2 1
github.com/scgolang/osc/argument.go:190.30,192.2 1 1
github.com/scgolang/osc/argument.go:195.42,196.71 1 1
github.com/scgolang/osc/argument.go:199.2,200.16 2 1
github.com/scgolang/osc/argument.go:196.71,198.3 1 1
github.com/scgolang/osc/argument.go:204.42,204.73 1 1
github.com/scgolang/osc/argument.go:207.46,207.77 1 1
github.com/scgolang/osc/argument.go:210.40,210.63 1 1
github.com/scgolang/osc/argument.go:213.44,213.76 1 1
github.com/scgolang/osc/argument.go:216.42,216.75 1 1
github.com/scgolang/osc/argument.go:219.31,219.68 1 1
github.com/scgolang/osc/argument.go:222.30,223.13 1 1
github.com/scgolang/osc/argument.go:226.2,226.21 1 1
github.com/scgolang/osc/argument.go:223.13,225.3 1 1
github.com/scgolang/osc/argument.go:230.51,233.2 2 1
github.com/scgolang/osc/argument.go:239.32,241.2 1 1
github.com/scgolang/osc/argument.go:244.44,245.38 1 1
github.com/scgolang/osc/argument.go:248.2,249.16 2 1
github.com/scgolang/osc/argument.go:245.38,247.3 1 1
github.com/scgolang/osc/argument.go:253.44,253.75 1 1
github.com/scgolang/osc/argument.go:256.48,256.79 1 1
github.com/scgolang/osc/argument.go:259.42,259.77 1 1
github.com/scgolang/osc/argument.go:262.46,262.71 1 1
github.com/scgolang/osc/argument.go:265.44,265.77 1 1
github.com/scgolang/osc/argument.go:268.33,268.53 1 1
github.com/scgolang/osc/argument.go:271.32,271.56 1 1
github.com/scgolang/osc/argument.go:274.53,277.2 2 1
github.com/scgolang/osc/argument.go:283.57,285.79 2 1
github.com/scgolang/osc/argument.go:288.2,289.29 2 1
github.com/scgolang/osc/argument.go:285.79,287.3 1 1
github.com/scgolang/osc/argument.go:293.30,298.2 1 1
github.com/scgolang/osc/argument.go:301.42,302.36 1 1
github.com/scgolang/osc/argument.go:305.2,306.23 2 1
github.com/scgolang/osc/argument.go:309.2,309.27 1 1
github.com/scgolang/osc/argument.go:302.36,304.3 1 1
github.com/scgolang/osc/argument.go:306.23,308.3 1 1
github.com/scgolang/osc/argument.go:313.42,313.73 1 1
github.com/scgolang/osc/argument.go:316.46,316.77 1 1
github.com/scgolang/osc/argument.go:319.40,319.75 1 1
github.com/scgolang/osc/argument.go:322.44,322.76 1 1
github.com/scgolang/osc/argument.go:325.42,325.67 1 1
github.com/scgolang/osc/argument.go:328.31,328.86 1 1
github.com/scgolang/osc/argument.go:331.30,331.52 1 1
github.com/scgolang/osc/argument.go:334.51,337.2 2 1
github.com/scgolang/osc/dispatcher.go:19.46,21.2 1 1
github.com/scgolang/osc/dispatcher.go:32.46,37.20 2 1
github.com/scgolang/osc/dispatcher.go:40.2,41.25 2 1
github.com/scgolang/osc/dispatcher.go:37.20,39.3 1 1
github.com/scgolang/osc/dispatcher.go:45.49,46.30 1 1
github.com/scgolang/osc/dispatcher.go:56.2,56.12 1 1
github.com/scgolang/osc/dispatcher.go:46.30,48.37 2 1
github.com/scgolang/osc/dispatcher.go:51.3,51.20 1 1
github.com/scgolang/osc/dispatcher.go:54.3,54.13 1 1
github.com/scgolang/osc/dispatcher.go:48.37,50.4 1 1
github.com/scgolang/osc/dispatcher.go:51.20,53.4 1 1
github.com/scgolang/osc/dispatcher.go:60.44,61.23 1 1
github.com/scgolang/osc/dispatcher.go:62.2,63.21 1 1
github.com/scgolang/osc/dispatcher.go:64.2,65.26 1 1
github.com/scgolang/osc/dispatcher.go:66.2,67.65 1 1
github.com/scgolang/osc/dispatcher.go:72.47,73.34 1 1
github.com/scgolang/osc/dispatcher.go:82.2,82.12 1 1
github.com/scgolang/osc/dispatcher.go:73.34,75.17 2 1
github.com/scgolang/osc/dispatcher.go:78.3,78.14 1 1
github.com/scgolang/osc/dispatcher.go:75.17,77.4 1 1
github.com/scgolang/osc/dispatcher.go:78.14,80.4 1 1
github.com/scgolang/osc/osc.go:41.31,42.17 1 1
github.com/scgolang/osc/osc.go:45.2,45.34 1 1
github.com/scgolang/osc/osc.go:42.17,44.3 1 1
github.com/scgolang/osc/osc.go:49.27,50.37 1 1
github.com/scgolang/osc/osc.go:53.2,53.10 1 1
github.com/scgolang/osc/osc.go:50.37,52.3 1 1
github.com/scgolang/osc/osc.go:66.46,67.20 1 1
github.com/scgolang/osc/osc.go:70.2,71.19 2 1
github.com/scgolang/osc/osc.go:75.2,76.64 2 1
github.com/scgolang/osc/osc.go:67.20,69.3 1 1
github.com/scgolang/osc/osc.go:71.19,74.3 2 1
github.com/scgolang/osc/osc.go:80.58,82.31 2 1
github.com/scgolang/osc/osc.go:86.2,87.37 2 1
github.com/scgolang/osc/osc.go:92.2,92.31 1 1
github.com/scgolang/osc/osc.go:82.31,84.3 1 1
github.com/scgolang/osc/osc.go:87.37,88.30 1 1
github.com/scgolang/osc/osc.go:88.30,90.4 1 1
github.com/scgolang/osc/bundle.go:33.64,35.2 1 1
github.com/scgolang/osc/bundle.go:40.77,45.67 2 1
github.com/scgolang/osc/bundle.go:49.2,50.16 2 1
github.com/scgolang/osc/bundle.go:54.2,55.16 2 1
github.com/scgolang/osc/bundle.go:58.2,62.17 3 1
github.com/scgolang/osc/bundle.go:67.2,68.16 2 1
github.com/scgolang/osc/bundle.go:71.2,73.15 2 1
github.com/scgolang/osc/bundle.go:45.67,47.3 1 1
github.com/scgolang/osc/bundle.go:50.16,52.3 1 1
github.com/scgolang/osc/bundle.go:55.16,57.3 1 1
github.com/scgolang/osc/bundle.go:62.17,64.3 1 1
github.com/scgolang/osc/bundle.go:68.16,70.3 1 1
github.com/scgolang/osc/bundle.go:77.32,82.30 2 1
github.com/scgolang/osc/bundle.go:89.2,89.34 1 1
github.com/scgolang/osc/bundle.go:82.30,88.3 2 1
github.com/scgolang/osc/bundle.go:93.42,95.9 2 1
github.com/scgolang/osc/bundle.go:98.2,98.29 1 1
github.com/scgolang/osc/bundle.go:101.2,101.39 1 1
github.com/scgolang/osc/bundle.go:104.2,104.30 1 1
github.com/scgolang/osc/bundle.go:109.2,109.13 1 1
github.com/scgolang/osc/bundle.go:95.9,97.3 1 1
github.com/scgolang/osc/bundle.go:98.29,100.3 1 1
github.com/scgolang/osc/bundle.go:101.39,103.3 1 1
github.com/scgolang/osc/bundle.go:104.30,105.30 1 1
github.com/scgolang/osc/bundle.go:105.30,107.4 1 1
github.com/scgolang/osc/bundle.go:114.50,116.32 2 1
github.com/scgolang/osc/bundle.go:119.2,120.15 2 1
github.com/scgolang/osc/bundle.go:123.2,123.35 1 1
github.com/scgolang/osc/bundle.go:116.32,118.3 1 1
github.com/scgolang/osc/bundle.go:120.15,122.3 1 1
github.com/scgolang/osc/bundle.go:127.79,135.6 3 1
github.com/scgolang/osc/bundle.go:152.2,152.16 1 1
github.com/scgolang/osc/bundle.go:135.6,137.29 2 1
github.com/scgolang/osc/bundle.go:140.3,140.17 1 1
github.com/scgolang/osc/bundle.go:143.3,144.30 2 1
github.com/scgolang/osc/bundle.go:147.3,147.37 1 1
github.com/scgolang/osc/bundle.go:150.3,150.20 1 1
github.com/scgolang/osc/bundle.go:137.29,139.4 1 1
github.com/scgolang/osc/bundle.go:140.17,142.4 1 1
github.com/scgolang/osc/bundle.go:144.30,145.9 1 1
github.com/scgolang/osc/bundle.go:147.37,148.9 1 1
github.com/scgolang/osc/bundle.go:161.70,162.19 1 1
github.com/scgolang/osc/bundle.go:165.2,167.19 3 1
github.com/scgolang/osc/bundle.go:171.2,173.26 2 1
github.com/scgolang/osc/bundle.go:177.2,177.17 1 1
github.com/scgolang/osc/bundle.go:162.19,164.3 1 1
github.com/scgolang/osc/bundle.go:167.19,169.3 1 1
github.com/scgolang/osc/bundle.go:173.26,175.3 1 1
github.com/scgolang/osc/bundle.go:178.2,180.17 2 1
github.com/scgolang/osc/bundle.go:183.3,183.21 1 1
github.com/scgolang/osc/bundle.go:184.2,186.17 2 1
github.com/scgolang/osc/bundle.go:189.3,189.24 1 1
github.com/scgolang/osc/bundle.go:190.2,191.77 1 1
github.com/scgolang/osc/bundle.go:180.17,182.4 1 1
github.com/scgolang/osc/bundle.go:186.17,188.4 1 1
github.com/scgolang/osc/conn.go:36.41,37.42 1 1
github.com/scgolang/osc/conn.go:42.2,42.12 1 1
github.com/scgolang/osc/conn.go:37.42,38.38 1 1
github.com/scgolang/osc/conn.go:38.38,40.4 1 1
github.com/scgolang/osc/message.go:31.66,43.16 7 1
github.com/scgolang/osc/message.go:46.2,48.17 2 1
github.com/scgolang/osc/message.go:43.16,45.3 1 1
github.com/scgolang/osc/message.go:52.35,57.34 2 1
github.com/scgolang/osc/message.go:60.2,60.32 1 1
github.com/scgolang/osc/message.go:57.34,59.3 1 1
github.com/scgolang/osc/message.go:64.45,66.9 2 1
github.com/scgolang/osc/message.go:69.2,69.33 1 1
github.com/scgolang/osc/message.go:72.2,72.47 1 1
github.com/scgolang/osc/message.go:75.2,75.34 1 1
github.com/scgolang/osc/message.go:80.2,80.13 1 1
github.com/scgolang/osc/message.go:66.9,68.3 1 1
github.com/scgolang/osc/message.go:69.33,71.3 1 1
github.com/scgolang/osc/message.go:72.47,74.3 1 1
github.com/scgolang/osc/message.go:75.34,76.34 1 1
github.com/scgolang/osc/message.go:76.34,78.4 1 1
github.com/scgolang/osc/message.go:84.56,86.40 1 1
github.com/scgolang/osc/message.go:89.2,90.16 2 1
github.com/scgolang/osc/message.go:93.2,93.38 1 1
github.com/scgolang/osc/message.go:86.40,88.3 1 1
github.com/scgolang/osc/message.go:90.16,92.3 1 1
github.com/scgolang/osc/message.go:97.38,100.34 3 1
github.com/scgolang/osc/message.go:103.2,103.27 1 1
github.com/scgolang/osc/message.go:100.34,102.3 1 1
github.com/scgolang/osc/message.go:107.56,111.16 3 1
github.com/scgolang/osc/message.go:114.2,116.34 2 1
github.com/scgolang/osc/message.go:124.2,124.33 1 1
github.com/scgolang/osc/message.go:111.16,113.3 1 1
github.com/scgolang/osc/message.go:116.34,118.17 2 1
github.com/scgolang/osc/message.go:121.3,121.26 1 1
github.com/scgolang/osc/message.go:118.17,120.4 1 1
github.com/scgolang/osc/message.go:128.55,139.2 10 1
github.com/scgolang/osc/message.go:144.38,145.14 1 1
github.com/scgolang/osc/message.go:149.2,152.40 3 1
github.com/scgolang/osc/message.go:155.2,155.27 1 1
github.com/scgolang/osc/message.go:160.2,160.13 1 1
github.com/scgolang/osc/message.go:145.14,147.3 1 1
github.com/scgolang/osc/message.go:152.40,154.3 1 1
github.com/scgolang/osc/message.go:155.27,156.39 1 1
github.com/scgolang/osc/message.go:156.39,158.4 1 1
github.com/scgolang/osc/timetag.go:34.34,38.2 3 1
github.com/scgolang/osc/timetag.go:40.35,42.2 1 1
github.com/scgolang/osc/timetag.go:45.36,48.2 2 1
github.com/scgolang/osc/timetag.go:51.36,55.2 3 1
github.com/scgolang/osc/timetag.go:58.48,59.29 1 1
github.com/scgolang/osc/timetag.go:62.2,71.43 5 1
github.com/scgolang/osc/timetag.go:59.29,61.3 1 1
github.com/scgolang/osc/udp.go:28.75,30.2 1 1
github.com/scgolang/osc/udp.go:33.103,35.16 2 1
github.com/scgolang/osc/udp.go:38.2,44.24 2 1
github.com/scgolang/osc/udp.go:35.16,37.3 1 1
github.com/scgolang/osc/udp.go:48.70,50.2 1 1
github.com/scgolang/osc/udp.go:53.98,55.16 2 1
github.com/scgolang/osc/udp.go:58.2,64.24 2 1
github.com/scgolang/osc/udp.go:55.16,57.3 1 1
github.com/scgolang/osc/udp.go:68.53,69.61 1 1
github.com/scgolang/osc/udp.go:72.2,72.18 1 1
github.com/scgolang/osc/udp.go:69.61,71.3 1 1
github.com/scgolang/osc/udp.go:76.48,78.2 1 1
github.com/scgolang/osc/udp.go:81.43,84.2 2 1
github.com/scgolang/osc/udp.go:87.60,90.2 2 1
github.com/scgolang/osc/udp.go:96.57,97.23 1 1
github.com/scgolang/osc/udp.go:101.2,101.31 1 1
github.com/scgolang/osc/udp.go:107.2,109.12 2 1
github.com/scgolang/osc/udp.go:116.2,116.9 1 1
github.com/scgolang/osc/udp.go:123.2,123.12 1 1
github.com/scgolang/osc/udp.go:97.23,99.3 1 1
github.com/scgolang/osc/udp.go:101.31,102.47 1 1
github.com/scgolang/osc/udp.go:102.47,104.4 1 1
github.com/scgolang/osc/udp.go:109.12,110.7 1 1
github.com/scgolang/osc/udp.go:110.7,112.4 1 1
github.com/scgolang/osc/udp.go:117.2,118.47 1 1
github.com/scgolang/osc/udp.go:119.2,119.24 0 1
github.com/scgolang/osc/udp.go:120.2,121.24 1 1
github.com/scgolang/osc/udp.go:127.71,131.16 3 1
github.com/scgolang/osc/udp.go:135.2,135.17 1 1
github.com/scgolang/osc/udp.go:131.16,133.3 1 1
github.com/scgolang/osc/udp.go:136.2,137.13 1 1
github.com/scgolang/osc/udp.go:146.2,147.13 1 1
github.com/scgolang/osc/udp.go:156.2,157.22 1 1
github.com/scgolang/osc/udp.go:137.13,139.18 2 1
github.com/scgolang/osc/udp.go:142.4,142.54 1 1
github.com/scgolang/osc/udp.go:139.18,141.5 1 1
github.com/scgolang/osc/udp.go:142.54,144.5 1 1
github.com/scgolang/osc/udp.go:147.13,149.18 2 1
github.com/scgolang/osc/udp.go:152.4,152.49 1 1
github.com/scgolang/osc/udp.go:149.18,151.5 1 1
github.com/scgolang/osc/udp.go:152.49,154.5 1 1
github.com/scgolang/osc/udp.go:162.54,164.2 1 1
github.com/scgolang/osc/udp.go:167.36,170.2 2 1
